build/app/intermediates/manifest_merge_blame_file/release/manifest-merger-blame-release-report.txt
1<?xml version="1.0" encoding="utf-8"?>
2<manifest xmlns:android="http://schemas.android.com/apk/res/android"
3    package="com.ahamai.flutter"
4    android:versionCode="1"
5    android:versionName="1.0.0" >
6
7    <uses-sdk
8        android:minSdkVersion="21"
8-->src/main/AndroidManifest.xml
9        android:targetSdkVersion="34" />
9-->src/main/AndroidManifest.xml
10    <!-- Internet permissions required for PrakashTV live streaming -->
11    <uses-permission android:name="android.permission.INTERNET" />
11-->src/main/AndroidManifest.xml:3:5-67
11-->src/main/AndroidManifest.xml:3:22-64
12    <uses-permission android:name="android.permission.ACCESS_NETWORK_STATE" />
12-->src/main/AndroidManifest.xml:4:5-79
12-->src/main/AndroidManifest.xml:4:22-76
13
14    <!-- Storage permissions for saving images and diagrams -->
15    <uses-permission android:name="android.permission.WRITE_EXTERNAL_STORAGE" />
15-->src/main/AndroidManifest.xml:7:5-81
15-->src/main/AndroidManifest.xml:7:22-78
16    <uses-permission android:name="android.permission.READ_EXTERNAL_STORAGE" />
16-->src/main/AndroidManifest.xml:8:5-80
16-->src/main/AndroidManifest.xml:8:22-77
17    <uses-permission android:name="android.permission.MANAGE_EXTERNAL_STORAGE" />
17-->src/main/AndroidManifest.xml:9:5-82
17-->src/main/AndroidManifest.xml:9:22-79
18
19    <!-- Camera permission for image selection -->
20    <uses-permission android:name="android.permission.CAMERA" />
20-->src/main/AndroidManifest.xml:12:5-65
20-->src/main/AndroidManifest.xml:12:22-62
21
22    <!-- Required for PROCESS_TEXT intent -->
23    <queries>
23-->src/main/AndroidManifest.xml:60:5-65:15
24        <intent>
24-->src/main/AndroidManifest.xml:61:9-64:18
25            <action android:name="android.intent.action.PROCESS_TEXT" />
25-->src/main/AndroidManifest.xml:62:13-72
25-->src/main/AndroidManifest.xml:62:21-70
26
27            <data android:mimeType="text/plain" />
27-->src/main/AndroidManifest.xml:63:13-50
27-->src/main/AndroidManifest.xml:63:19-48
28        </intent>
29        <intent>
29-->[:file_picker] AndroidManifest.xml:10:9-14:18
30            <action android:name="android.intent.action.GET_CONTENT" />
30-->[:file_picker] AndroidManifest.xml:11:13-72
30-->[:file_picker] AndroidManifest.xml:11:21-69
31
32            <data android:mimeType="*/*" />
32-->src/main/AndroidManifest.xml:63:13-50
32-->src/main/AndroidManifest.xml:63:19-48
33        </intent>
34    </queries>
35
36    <permission
36-->[androidx.core:core:1.13.1] AndroidManifest.xml:22:5-24:47
37        android:name="com.ahamai.flutter.DYNAMIC_RECEIVER_NOT_EXPORTED_PERMISSION"
37-->[androidx.core:core:1.13.1] AndroidManifest.xml:23:9-81
38        android:protectionLevel="signature" />
38-->[androidx.core:core:1.13.1] AndroidManifest.xml:24:9-44
39
40    <uses-permission android:name="com.ahamai.flutter.DYNAMIC_RECEIVER_NOT_EXPORTED_PERMISSION" />
40-->[androidx.core:core:1.13.1] AndroidManifest.xml:26:5-97
40-->[androidx.core:core:1.13.1] AndroidManifest.xml:26:22-94
41
42    <application
43        android:name="android.app.Application"
43-->src/main/AndroidManifest.xml:16:9-42
44        android:appComponentFactory="androidx.core.app.CoreComponentFactory"
44-->[androidx.core:core:1.13.1] AndroidManifest.xml:28:18-86
45        android:icon="@mipmap/ic_launcher"
45-->src/main/AndroidManifest.xml:17:9-43
46        android:label="AhamAI" >
46-->src/main/AndroidManifest.xml:15:9-31
47        <activity
47-->src/main/AndroidManifest.xml:19:9-46:20
48            android:name="com.ahamai.flutter.MainActivity"
48-->src/main/AndroidManifest.xml:20:13-41
49            android:configChanges="orientation|keyboardHidden|keyboard|screenSize|smallestScreenSize|locale|layoutDirection|fontScale|screenLayout|density|uiMode"
49-->src/main/AndroidManifest.xml:25:13-163
50            android:exported="true"
50-->src/main/AndroidManifest.xml:21:13-36
51            android:hardwareAccelerated="true"
51-->src/main/AndroidManifest.xml:26:13-47
52            android:launchMode="singleTop"
52-->src/main/AndroidManifest.xml:22:13-43
53            android:taskAffinity=""
53-->src/main/AndroidManifest.xml:23:13-36
54            android:theme="@style/LaunchTheme"
54-->src/main/AndroidManifest.xml:24:13-47
55            android:windowSoftInputMode="adjustResize" >
55-->src/main/AndroidManifest.xml:27:13-55
56            <meta-data
56-->src/main/AndroidManifest.xml:29:13-31:56
57                android:name="io.flutter.embedding.android.NormalTheme"
57-->src/main/AndroidManifest.xml:30:17-72
58                android:resource="@style/NormalTheme" />
58-->src/main/AndroidManifest.xml:31:17-54
59
60            <intent-filter>
60-->src/main/AndroidManifest.xml:33:13-36:29
61                <action android:name="android.intent.action.MAIN" />
61-->src/main/AndroidManifest.xml:34:17-68
61-->src/main/AndroidManifest.xml:34:25-66
62
63                <category android:name="android.intent.category.LAUNCHER" />
63-->src/main/AndroidManifest.xml:35:17-76
63-->src/main/AndroidManifest.xml:35:27-74
64            </intent-filter>
65
66            <!-- ADDED FOR GITHUB OAUTH CALLBACK -->
67            <intent-filter android:label="flutter_web_auth_2" >
67-->src/main/AndroidManifest.xml:39:13-44:29
67-->src/main/AndroidManifest.xml:39:28-62
68                <action android:name="android.intent.action.VIEW" />
68-->src/main/AndroidManifest.xml:40:17-69
68-->src/main/AndroidManifest.xml:40:25-66
69
70                <category android:name="android.intent.category.DEFAULT" />
70-->src/main/AndroidManifest.xml:41:17-76
70-->src/main/AndroidManifest.xml:41:27-73
71                <category android:name="android.intent.category.BROWSABLE" />
71-->src/main/AndroidManifest.xml:42:17-78
71-->src/main/AndroidManifest.xml:42:27-75
72
73                <data
73-->src/main/AndroidManifest.xml:63:13-50
74                    android:host="auth"
74-->src/main/AndroidManifest.xml:43:50-69
75                    android:scheme="ahamaiapp" />
75-->src/main/AndroidManifest.xml:43:23-49
76            </intent-filter>
77        </activity>
78
79        <!-- Existing Flutter meta-data -->
80        <meta-data
80-->src/main/AndroidManifest.xml:49:9-51:33
81            android:name="flutterEmbedding"
81-->src/main/AndroidManifest.xml:50:13-44
82            android:value="2" />
82-->src/main/AndroidManifest.xml:51:13-30
83
84        <!-- Added AdMob meta-data tag below -->
85        <meta-data
85-->src/main/AndroidManifest.xml:54:9-56:69
86            android:name="com.google.android.gms.ads.APPLICATION_ID"
86-->src/main/AndroidManifest.xml:55:13-69
87            android:value="ca-app-pub-3394897715416901~1671061893" />
87-->src/main/AndroidManifest.xml:56:13-67
88
89        <provider
89-->[:image_picker_android] AndroidManifest.xml:11:9-19:20
90            android:name="io.flutter.plugins.imagepicker.ImagePickerFileProvider"
90-->[:image_picker_android] AndroidManifest.xml:12:13-82
91            android:authorities="com.ahamai.flutter.flutter.image_provider"
91-->[:image_picker_android] AndroidManifest.xml:13:13-74
92            android:exported="false"
92-->[:image_picker_android] AndroidManifest.xml:14:13-37
93            android:grantUriPermissions="true" >
93-->[:image_picker_android] AndroidManifest.xml:15:13-47
94            <meta-data
94-->[:image_picker_android] AndroidManifest.xml:16:13-18:75
95                android:name="android.support.FILE_PROVIDER_PATHS"
95-->[:image_picker_android] AndroidManifest.xml:17:17-67
96                android:resource="@xml/flutter_image_picker_file_paths" />
96-->[:image_picker_android] AndroidManifest.xml:18:17-72
97        </provider> <!-- Trigger Google Play services to install the backported photo picker module. -->
98        <service
98-->[:image_picker_android] AndroidManifest.xml:21:9-33:19
99            android:name="com.google.android.gms.metadata.ModuleDependencies"
99-->[:image_picker_android] AndroidManifest.xml:22:13-78
100            android:enabled="false"
100-->[:image_picker_android] AndroidManifest.xml:23:13-36
101            android:exported="false" >
101-->[:image_picker_android] AndroidManifest.xml:24:13-37
102            <intent-filter>
102-->[:image_picker_android] AndroidManifest.xml:26:13-28:29
103                <action android:name="com.google.android.gms.metadata.MODULE_DEPENDENCIES" />
103-->[:image_picker_android] AndroidManifest.xml:27:17-94
103-->[:image_picker_android] AndroidManifest.xml:27:25-91
104            </intent-filter>
105
106            <meta-data
106-->[:image_picker_android] AndroidManifest.xml:30:13-32:36
107                android:name="photopicker_activity:0:required"
107-->[:image_picker_android] AndroidManifest.xml:31:17-63
108                android:value="" />
108-->[:image_picker_android] AndroidManifest.xml:32:17-33
109        </service>
110
111        <activity
111-->[:url_launcher_android] AndroidManifest.xml:10:9-13:74
112            android:name="io.flutter.plugins.urllauncher.WebViewActivity"
112-->[:url_launcher_android] AndroidManifest.xml:11:13-74
113            android:exported="false"
113-->[:url_launcher_android] AndroidManifest.xml:12:13-37
114            android:theme="@android:style/Theme.NoTitleBar.Fullscreen" />
114-->[:url_launcher_android] AndroidManifest.xml:13:13-71
115
116        <uses-library
116-->[androidx.window:window:1.2.0] AndroidManifest.xml:23:9-25:40
117            android:name="androidx.window.extensions"
117-->[androidx.window:window:1.2.0] AndroidManifest.xml:24:13-54
118            android:required="false" />
118-->[androidx.window:window:1.2.0] AndroidManifest.xml:25:13-37
119        <uses-library
119-->[androidx.window:window:1.2.0] AndroidManifest.xml:26:9-28:40
120            android:name="androidx.window.sidecar"
120-->[androidx.window:window:1.2.0] AndroidManifest.xml:27:13-51
121            android:required="false" />
121-->[androidx.window:window:1.2.0] AndroidManifest.xml:28:13-37
122
123        <provider
123-->[androidx.lifecycle:lifecycle-process:2.7.0] AndroidManifest.xml:24:9-32:20
124            android:name="androidx.startup.InitializationProvider"
124-->[androidx.lifecycle:lifecycle-process:2.7.0] AndroidManifest.xml:25:13-67
125            android:authorities="com.ahamai.flutter.androidx-startup"
125-->[androidx.lifecycle:lifecycle-process:2.7.0] AndroidManifest.xml:26:13-68
126            android:exported="false" >
126-->[androidx.lifecycle:lifecycle-process:2.7.0] AndroidManifest.xml:27:13-37
127            <meta-data
127-->[androidx.lifecycle:lifecycle-process:2.7.0] AndroidManifest.xml:29:13-31:52
128                android:name="androidx.lifecycle.ProcessLifecycleInitializer"
128-->[androidx.lifecycle:lifecycle-process:2.7.0] AndroidManifest.xml:30:17-78
129                android:value="androidx.startup" />
129-->[androidx.lifecycle:lifecycle-process:2.7.0] AndroidManifest.xml:31:17-49
130            <meta-data
130-->[androidx.profileinstaller:profileinstaller:1.3.1] AndroidManifest.xml:29:13-31:52
131                android:name="androidx.profileinstaller.ProfileInstallerInitializer"
131-->[androidx.profileinstaller:profileinstaller:1.3.1] AndroidManifest.xml:30:17-85
132                android:value="androidx.startup" />
132-->[androidx.profileinstaller:profileinstaller:1.3.1] AndroidManifest.xml:31:17-49
133        </provider>
134
135        <receiver
135-->[androidx.profileinstaller:profileinstaller:1.3.1] AndroidManifest.xml:34:9-52:20
136            android:name="androidx.profileinstaller.ProfileInstallReceiver"
136-->[androidx.profileinstaller:profileinstaller:1.3.1] AndroidManifest.xml:35:13-76
137            android:directBootAware="false"
137-->[androidx.profileinstaller:profileinstaller:1.3.1] AndroidManifest.xml:36:13-44
138            android:enabled="true"
138-->[androidx.profileinstaller:profileinstaller:1.3.1] AndroidManifest.xml:37:13-35
139            android:exported="true"
139-->[androidx.profileinstaller:profileinstaller:1.3.1] AndroidManifest.xml:38:13-36
140            android:permission="android.permission.DUMP" >
140-->[androidx.profileinstaller:profileinstaller:1.3.1] AndroidManifest.xml:39:13-57
141            <intent-filter>
141-->[androidx.profileinstaller:profileinstaller:1.3.1] AndroidManifest.xml:40:13-42:29
142                <action android:name="androidx.profileinstaller.action.INSTALL_PROFILE" />
142-->[androidx.profileinstaller:profileinstaller:1.3.1] AndroidManifest.xml:41:17-91
142-->[androidx.profileinstaller:profileinstaller:1.3.1] AndroidManifest.xml:41:25-88
143            </intent-filter>
144            <intent-filter>
144-->[androidx.profileinstaller:profileinstaller:1.3.1] AndroidManifest.xml:43:13-45:29
145                <action android:name="androidx.profileinstaller.action.SKIP_FILE" />
145-->[androidx.profileinstaller:profileinstaller:1.3.1] AndroidManifest.xml:44:17-85
145-->[androidx.profileinstaller:profileinstaller:1.3.1] AndroidManifest.xml:44:25-82
146            </intent-filter>
147            <intent-filter>
147-->[androidx.profileinstaller:profileinstaller:1.3.1] AndroidManifest.xml:46:13-48:29
148                <action android:name="androidx.profileinstaller.action.SAVE_PROFILE" />
148-->[androidx.profileinstaller:profileinstaller:1.3.1] AndroidManifest.xml:47:17-88
148-->[androidx.profileinstaller:profileinstaller:1.3.1] AndroidManifest.xml:47:25-85
149            </intent-filter>
150            <intent-filter>
150-->[androidx.profileinstaller:profileinstaller:1.3.1] AndroidManifest.xml:49:13-51:29
151                <action android:name="androidx.profileinstaller.action.BENCHMARK_OPERATION" />
151-->[androidx.profileinstaller:profileinstaller:1.3.1] AndroidManifest.xml:50:17-95
151-->[androidx.profileinstaller:profileinstaller:1.3.1] AndroidManifest.xml:50:25-92
152            </intent-filter>
153        </receiver>
154    </application>
155
156</manifest>